<?xml version="1.0" encoding="UTF-8"?>
<Site BuildName="(empty)"
	BuildStamp="20240627-0601-Experimental"
	Name="norris-PC"
	Generator="ctest-3.16.3"
	CompilerName="/usr/bin/c++"
	CompilerVersion="9.4.0"
	OSName="Linux"
	Hostname="norris-PC"
	OSRelease="5.15.0-107-generic"
	OSVersion="#117~20.04.1-Ubuntu SMP Tue Apr 30 10:35:57 UTC 2024"
	OSPlatform="x86_64"
	Is64Bits="1"
	VendorString="GenuineIntel"
	VendorID="Intel Corporation"
	FamilyID="6"
	ModelID="154"
	ProcessorCacheSize="18432"
	NumberOfLogicalCPU="16"
	NumberOfPhysicalCPU="12"
	TotalVirtualMemory="15257"
	TotalPhysicalMemory="11576"
	LogicalProcessorsPerPhysical="1"
	ProcessorClockFrequency="2883.66"
	>
	<Testing>
		<StartDateTime>Jun 27 13:01 WIB</StartDateTime>
		<StartTestTime>1719468091</StartTestTime>
		<TestList/>
		<EndDateTime>Jun 27 13:01 WIB</EndDateTime>
		<EndTestTime>1719468091</EndTestTime>
		<ElapsedMinutes>0</ElapsedMinutes>
	</Testing>
</Site>
